<?xml version="1.0" encoding="UTF-8"?>
<testsuite name="com.csc.TestPayroll" tests="12" skipped="0" failures="0" errors="0" timestamp="2024-09-23T04:45:21" hostname="ZEEL" time="0.049">
  <properties/>
  <testcase name="testGrossPayRegularHours()" classname="com.csc.TestPayroll" time="0.022"/>
  <testcase name="testGrossPayDoubleOvertime()" classname="com.csc.TestPayroll" time="0.001"/>
  <testcase name="testLifeInsuranceCostMarriedPlan()" classname="com.csc.TestPayroll" time="0.001"/>
  <testcase name="testDeductionsWithLifeInsurance()" classname="com.csc.TestPayroll" time="0.001"/>
  <testcase name="testNetPayWithLifeInsuranceAndRetirement()" classname="com.csc.TestPayroll" time="0.003"/>
  <testcase name="testLifeInsuranceCostSinglePlan()" classname="com.csc.TestPayroll" time="0.001"/>
  <testcase name="testInsuranceWithThreeDependents()" classname="com.csc.TestPayroll" time="0.001"/>
  <testcase name="testGrossPayOvertime()" classname="com.csc.TestPayroll" time="0.001"/>
  <testcase name="testInsuranceWithLessThanThreeDependents()" classname="com.csc.TestPayroll" time="0.001"/>
  <testcase name="testDeductionsWithLifeInsuranceAndRetirement()" classname="com.csc.TestPayroll" time="0.001"/>
  <testcase name="testNetPayWithLifeInsurance()" classname="com.csc.TestPayroll" time="0.001"/>
  <testcase name="testLifeInsuranceCostMarriedWithChildrenPlan()" classname="com.csc.TestPayroll" time="0.001"/>
  <system-out><![CDATA[]]></system-out>
  <system-err><![CDATA[]]></system-err>
</testsuite>
