<?xml version="1.0" encoding="UTF-8"?>
<testsuite name="com.csc.TestPayroll" tests="6" skipped="0" failures="0" errors="0" timestamp="2024-09-09T02:15:19" hostname="ZEEL" time="0.075">
  <properties/>
  <testcase name="testGrossPayRegularHours()" classname="com.csc.TestPayroll" time="0.04"/>
  <testcase name="testDeductions()" classname="com.csc.TestPayroll" time="0.002"/>
  <testcase name="testInsuranceWithThreeDependents()" classname="com.csc.TestPayroll" time="0.002"/>
  <testcase name="testNetPay()" classname="com.csc.TestPayroll" time="0.002"/>
  <testcase name="testGrossPayOvertime()" classname="com.csc.TestPayroll" time="0.002"/>
  <testcase name="testInsuranceWithLessThanThreeDependents()" classname="com.csc.TestPayroll" time="0.003"/>
  <system-out><![CDATA[]]></system-out>
  <system-err><![CDATA[]]></system-err>
</testsuite>
